

    █████╗ ██╗   ██╗████████╗ ██████╗ ██████╗  ██████╗ ██╗  ██╗
    ██╔══██╗██║   ██║╚══██╔══╝██╔═══██╗██╔══██╗██╔═══██╗╚██╗██╔╝
    ███████║██║   ██║   ██║   ██║   ██║██████╔╝██║   ██║ ╚███╔╝
    ██╔══██║██║   ██║   ██║   ██║   ██║██╔══██╗██║   ██║ ██╔██╗
    ██║  ██║╚██████╔╝   ██║   ╚██████╔╝██████╔╝╚██████╔╝██╔╝ ██╗
    ╚═╝  ╚═╝ ╚═════╝    ╚═╝    ╚═════╝ ╚═════╝  ╚═════╝ ╚═╝  ╚═╝
    
2025-08-21 13:09:03 | app | INFO | Initializing Autobox Engine...


    █████╗ ██╗   ██╗████████╗ ██████╗ ██████╗  ██████╗ ██╗  ██╗
    ██╔══██╗██║   ██║╚══██╔══╝██╔═══██╗██╔══██╗██╔═══██╗╚██╗██╔╝
    ███████║██║   ██║   ██║   ██║   ██║██████╔╝██║   ██║ ╚███╔╝
    ██╔══██║██║   ██║   ██║   ██║   ██║██╔══██╗██║   ██║ ██╔██╗
    ██║  ██║╚██████╔╝   ██║   ╚██████╔╝██████╔╝╚██████╔╝██╔╝ ██╗
    ╚═╝  ╚═╝ ╚═════╝    ╚═╝    ╚═════╝ ╚═════╝  ╚═════╝ ╚═╝  ╚═╝
    
2025-08-21 13:11:45 | app | INFO | Initializing Autobox Engine...
2025-08-21 13:12:27 | app | INFO | Server still running. Press Ctrl+C to stop.


    █████╗ ██╗   ██╗████████╗ ██████╗ ██████╗  ██████╗ ██╗  ██╗
    ██╔══██╗██║   ██║╚══██╔══╝██╔═══██╗██╔══██╗██╔═══██╗╚██╗██╔╝
    ███████║██║   ██║   ██║   ██║   ██║██████╔╝██║   ██║ ╚███╔╝
    ██╔══██║██║   ██║   ██║   ██║   ██║██╔══██╗██║   ██║ ██╔██╗
    ██║  ██║╚██████╔╝   ██║   ╚██████╔╝██████╔╝╚██████╔╝██╔╝ ██╗
    ╚═╝  ╚═╝ ╚═════╝    ╚═╝    ╚═════╝ ╚═════╝  ╚═════╝ ╚═╝  ╚═╝
    
2025-08-21 13:14:32 | app | INFO | Initializing Autobox Engine...


    █████╗ ██╗   ██╗████████╗ ██████╗ ██████╗  ██████╗ ██╗  ██╗
    ██╔══██╗██║   ██║╚══██╔══╝██╔═══██╗██╔══██╗██╔═══██╗╚██╗██╔╝
    ███████║██║   ██║   ██║   ██║   ██║██████╔╝██║   ██║ ╚███╔╝
    ██╔══██║██║   ██║   ██║   ██║   ██║██╔══██╗██║   ██║ ██╔██╗
    ██║  ██║╚██████╔╝   ██║   ╚██████╔╝██████╔╝╚██████╔╝██╔╝ ██╗
    ╚═╝  ╚═╝ ╚═════╝    ╚═╝    ╚═════╝ ╚═════╝  ╚═════╝ ╚═╝  ╚═╝
    
2025-08-21 13:16:28 | app | INFO | Initializing Autobox Engine...
2025-08-21 13:16:28 | app | INFO | ============================================================
2025-08-21 13:16:28 | app | INFO | 🚀 SIMULATION STARTING
2025-08-21 13:16:28 | app | INFO | 📝 SIMULATION ID: 4dff2857-4e08-49c6-b087-49c6e6a8c88f
2025-08-21 13:16:28 | app | INFO | 🔍 Check status with:
2025-08-21 13:16:28 | app | INFO |    curl http://localhost:5000/simulations/4dff2857-4e08-49c6-b087-49c6e6a8c88f
2025-08-21 13:16:28 | app | INFO | ============================================================


    █████╗ ██╗   ██╗████████╗ ██████╗ ██████╗  ██████╗ ██╗  ██╗
    ██╔══██╗██║   ██║╚══██╔══╝██╔═══██╗██╔══██╗██╔═══██╗╚██╗██╔╝
    ███████║██║   ██║   ██║   ██║   ██║██████╔╝██║   ██║ ╚███╔╝
    ██╔══██║██║   ██║   ██║   ██║   ██║██╔══██╗██║   ██║ ██╔██╗
    ██║  ██║╚██████╔╝   ██║   ╚██████╔╝██████╔╝╚██████╔╝██╔╝ ██╗
    ╚═╝  ╚═╝ ╚═════╝    ╚═╝    ╚═════╝ ╚═════╝  ╚═════╝ ╚═╝  ╚═╝
    
2025-08-21 13:27:44 | app | INFO | Initializing Autobox Engine...
2025-08-21 13:27:44 | app | INFO | ============================================================
2025-08-21 13:27:44 | app | INFO | 🚀 SIMULATION STARTING
2025-08-21 13:27:44 | app | INFO | 📝 SIMULATION ID: 7647872b-d1dd-48b0-9750-625591a0521b
2025-08-21 13:27:44 | app | INFO | 🔍 Check status with:
2025-08-21 13:27:44 | app | INFO |    curl http://localhost:5000/simulations/7647872b-d1dd-48b0-9750-625591a0521b
2025-08-21 13:27:44 | app | INFO | ============================================================


    █████╗ ██╗   ██╗████████╗ ██████╗ ██████╗  ██████╗ ██╗  ██╗
    ██╔══██╗██║   ██║╚══██╔══╝██╔═══██╗██╔══██╗██╔═══██╗╚██╗██╔╝
    ███████║██║   ██║   ██║   ██║   ██║██████╔╝██║   ██║ ╚███╔╝
    ██╔══██║██║   ██║   ██║   ██║   ██║██╔══██╗██║   ██║ ██╔██╗
    ██║  ██║╚██████╔╝   ██║   ╚██████╔╝██████╔╝╚██████╔╝██╔╝ ██╗
    ╚═╝  ╚═╝ ╚═════╝    ╚═╝    ╚═════╝ ╚═════╝  ╚═════╝ ╚═╝  ╚═╝
    
2025-08-21 13:28:39 | app | INFO | Initializing Autobox Engine...
2025-08-21 13:28:39 | app | INFO | ============================================================
2025-08-21 13:28:39 | app | INFO | 🚀 SIMULATION STARTING
2025-08-21 13:28:39 | app | INFO | 📝 SIMULATION ID: 6a11b78a-c024-4c97-b278-e5c42f2b2f6a
2025-08-21 13:28:39 | app | INFO | 🔍 Check status with:
2025-08-21 13:28:39 | app | INFO |    curl http://localhost:5000/simulations/6a11b78a-c024-4c97-b278-e5c42f2b2f6a
2025-08-21 13:28:39 | app | INFO | ============================================================


    █████╗ ██╗   ██╗████████╗ ██████╗ ██████╗  ██████╗ ██╗  ██╗
    ██╔══██╗██║   ██║╚══██╔══╝██╔═══██╗██╔══██╗██╔═══██╗╚██╗██╔╝
    ███████║██║   ██║   ██║   ██║   ██║██████╔╝██║   ██║ ╚███╔╝
    ██╔══██║██║   ██║   ██║   ██║   ██║██╔══██╗██║   ██║ ██╔██╗
    ██║  ██║╚██████╔╝   ██║   ╚██████╔╝██████╔╝╚██████╔╝██╔╝ ██╗
    ╚═╝  ╚═╝ ╚═════╝    ╚═╝    ╚═════╝ ╚═════╝  ╚═════╝ ╚═╝  ╚═╝
    
2025-08-21 13:35:58 | app | INFO | Initializing Autobox Engine...
2025-08-21 13:35:58 | app | INFO | ============================================================
2025-08-21 13:35:58 | app | INFO | 🚀 SIMULATION STARTING
2025-08-21 13:35:58 | app | INFO | 📝 SIMULATION ID: 29fe5f0c-8791-4bfa-b793-63fefefe5cdf
2025-08-21 13:35:58 | app | INFO | 🔍 Check status with:
2025-08-21 13:35:58 | app | INFO |    curl http://localhost:5000/simulations/29fe5f0c-8791-4bfa-b793-63fefefe5cdf
2025-08-21 13:35:58 | app | INFO | ============================================================


    █████╗ ██╗   ██╗████████╗ ██████╗ ██████╗  ██████╗ ██╗  ██╗
    ██╔══██╗██║   ██║╚══██╔══╝██╔═══██╗██╔══██╗██╔═══██╗╚██╗██╔╝
    ███████║██║   ██║   ██║   ██║   ██║██████╔╝██║   ██║ ╚███╔╝
    ██╔══██║██║   ██║   ██║   ██║   ██║██╔══██╗██║   ██║ ██╔██╗
    ██║  ██║╚██████╔╝   ██║   ╚██████╔╝██████╔╝╚██████╔╝██╔╝ ██╗
    ╚═╝  ╚═╝ ╚═════╝    ╚═╝    ╚═════╝ ╚═════╝  ╚═════╝ ╚═╝  ╚═╝
    
2025-08-21 13:37:41 | app | INFO | Initializing Autobox Engine...
2025-08-21 13:37:41 | app | INFO | ============================================================
2025-08-21 13:37:41 | app | INFO | 🚀 SIMULATION STARTING
2025-08-21 13:37:41 | app | INFO | 📝 SIMULATION ID: fae596da-1789-4453-9871-7063a16f7f39
2025-08-21 13:37:41 | app | INFO | 🔍 Check status with:
2025-08-21 13:37:41 | app | INFO |    curl http://localhost:5000/simulations/fae596da-1789-4453-9871-7063a16f7f39
2025-08-21 13:37:41 | app | INFO | ============================================================
2025-08-21 13:40:22 | app | INFO | Server still running. Press Ctrl+C to stop.


    █████╗ ██╗   ██╗████████╗ ██████╗ ██████╗  ██████╗ ██╗  ██╗
    ██╔══██╗██║   ██║╚══██╔══╝██╔═══██╗██╔══██╗██╔═══██╗╚██╗██╔╝
    ███████║██║   ██║   ██║   ██║   ██║██████╔╝██║   ██║ ╚███╔╝
    ██╔══██║██║   ██║   ██║   ██║   ██║██╔══██╗██║   ██║ ██╔██╗
    ██║  ██║╚██████╔╝   ██║   ╚██████╔╝██████╔╝╚██████╔╝██╔╝ ██╗
    ╚═╝  ╚═╝ ╚═════╝    ╚═╝    ╚═════╝ ╚═════╝  ╚═════╝ ╚═╝  ╚═╝
    
2025-08-21 13:41:09 | app | INFO | Initializing Autobox Engine...
2025-08-21 13:41:09 | app | INFO | ============================================================
2025-08-21 13:41:09 | app | INFO | 🚀 SIMULATION STARTING
2025-08-21 13:41:09 | app | INFO | 📝 SIMULATION ID: 6b526bcc-9512-41e8-9d8d-30892e53f9e8
2025-08-21 13:41:09 | app | INFO | 🔍 Check status with:
2025-08-21 13:41:09 | app | INFO |    curl http://localhost:5000/simulations/6b526bcc-9512-41e8-9d8d-30892e53f9e8
2025-08-21 13:41:09 | app | INFO | ============================================================


    █████╗ ██╗   ██╗████████╗ ██████╗ ██████╗  ██████╗ ██╗  ██╗
    ██╔══██╗██║   ██║╚══██╔══╝██╔═══██╗██╔══██╗██╔═══██╗╚██╗██╔╝
    ███████║██║   ██║   ██║   ██║   ██║██████╔╝██║   ██║ ╚███╔╝
    ██╔══██║██║   ██║   ██║   ██║   ██║██╔══██╗██║   ██║ ██╔██╗
    ██║  ██║╚██████╔╝   ██║   ╚██████╔╝██████╔╝╚██████╔╝██╔╝ ██╗
    ╚═╝  ╚═╝ ╚═════╝    ╚═╝    ╚═════╝ ╚═════╝  ╚═════╝ ╚═╝  ╚═╝
    
2025-08-21 14:01:43 | app | INFO | Initializing Autobox Engine...
2025-08-21 14:01:43 | app | INFO | ============================================================
2025-08-21 14:01:43 | app | INFO | 🚀 SIMULATION STARTING
2025-08-21 14:01:43 | app | INFO | 📝 SIMULATION ID: 7f1225e3-6549-4108-a5db-f226ca7f60ce
2025-08-21 14:01:43 | app | INFO | 🔍 Check status with:
2025-08-21 14:01:43 | app | INFO |    curl http://localhost:5000/simulations/7f1225e3-6549-4108-a5db-f226ca7f60ce
2025-08-21 14:01:43 | app | INFO | ============================================================


    █████╗ ██╗   ██╗████████╗ ██████╗ ██████╗  ██████╗ ██╗  ██╗
    ██╔══██╗██║   ██║╚══██╔══╝██╔═══██╗██╔══██╗██╔═══██╗╚██╗██╔╝
    ███████║██║   ██║   ██║   ██║   ██║██████╔╝██║   ██║ ╚███╔╝
    ██╔══██║██║   ██║   ██║   ██║   ██║██╔══██╗██║   ██║ ██╔██╗
    ██║  ██║╚██████╔╝   ██║   ╚██████╔╝██████╔╝╚██████╔╝██╔╝ ██╗
    ╚═╝  ╚═╝ ╚═════╝    ╚═╝    ╚═════╝ ╚═════╝  ╚═════╝ ╚═╝  ╚═╝
    
2025-08-21 14:02:23 | app | INFO | Initializing Autobox Engine...
2025-08-21 14:02:23 | app | INFO | ============================================================
2025-08-21 14:02:23 | app | INFO | 🚀 SIMULATION STARTING
2025-08-21 14:02:23 | app | INFO | 📝 SIMULATION ID: a872a30b-8df3-4662-a99c-eea741470a41
2025-08-21 14:02:23 | app | INFO | 🔍 Check status with:
2025-08-21 14:02:23 | app | INFO |    curl http://localhost:5000/simulations/a872a30b-8df3-4662-a99c-eea741470a41
2025-08-21 14:02:23 | app | INFO | ============================================================
2025-08-21 14:03:58 | app | INFO | Server still running. Press Ctrl+C to stop.


    █████╗ ██╗   ██╗████████╗ ██████╗ ██████╗  ██████╗ ██╗  ██╗
    ██╔══██╗██║   ██║╚══██╔══╝██╔═══██╗██╔══██╗██╔═══██╗╚██╗██╔╝
    ███████║██║   ██║   ██║   ██║   ██║██████╔╝██║   ██║ ╚███╔╝
    ██╔══██║██║   ██║   ██║   ██║   ██║██╔══██╗██║   ██║ ██╔██╗
    ██║  ██║╚██████╔╝   ██║   ╚██████╔╝██████╔╝╚██████╔╝██╔╝ ██╗
    ╚═╝  ╚═╝ ╚═════╝    ╚═╝    ╚═════╝ ╚═════╝  ╚═════╝ ╚═╝  ╚═╝
    
2025-08-21 14:41:01 | app | INFO | Initializing Autobox Engine...
2025-08-21 14:41:01 | app | INFO | ============================================================
2025-08-21 14:41:01 | app | INFO | 🚀 SIMULATION STARTING
2025-08-21 14:41:01 | app | INFO | 📝 SIMULATION ID: f384d248-c636-4326-a7eb-110df527343d
2025-08-21 14:41:01 | app | INFO | 🔍 Check status with:
2025-08-21 14:41:01 | app | INFO |    curl http://localhost:5000/simulations/f384d248-c636-4326-a7eb-110df527343d
2025-08-21 14:41:01 | app | INFO | ============================================================


    █████╗ ██╗   ██╗████████╗ ██████╗ ██████╗  ██████╗ ██╗  ██╗
    ██╔══██╗██║   ██║╚══██╔══╝██╔═══██╗██╔══██╗██╔═══██╗╚██╗██╔╝
    ███████║██║   ██║   ██║   ██║   ██║██████╔╝██║   ██║ ╚███╔╝
    ██╔══██║██║   ██║   ██║   ██║   ██║██╔══██╗██║   ██║ ██╔██╗
    ██║  ██║╚██████╔╝   ██║   ╚██████╔╝██████╔╝╚██████╔╝██╔╝ ██╗
    ╚═╝  ╚═╝ ╚═════╝    ╚═╝    ╚═════╝ ╚═════╝  ╚═════╝ ╚═╝  ╚═╝
    
2025-08-21 14:49:46 | app | INFO | Initializing Autobox Engine...
2025-08-21 14:49:46 | app | INFO | ============================================================
2025-08-21 14:49:46 | app | INFO | 🚀 SIMULATION STARTING
2025-08-21 14:49:46 | app | INFO | 📝 SIMULATION ID: d442a79a-0b2b-4f9c-ac47-f6bd390f942b
2025-08-21 14:49:46 | app | INFO | 🔍 Check status with:
2025-08-21 14:49:46 | app | INFO |    curl http://localhost:5000/simulations/d442a79a-0b2b-4f9c-ac47-f6bd390f942b
2025-08-21 14:49:46 | app | INFO | ============================================================
2025-08-21 14:50:51 | app | INFO | Server still running. Press Ctrl+C to stop.


    █████╗ ██╗   ██╗████████╗ ██████╗ ██████╗  ██████╗ ██╗  ██╗
    ██╔══██╗██║   ██║╚══██╔══╝██╔═══██╗██╔══██╗██╔═══██╗╚██╗██╔╝
    ███████║██║   ██║   ██║   ██║   ██║██████╔╝██║   ██║ ╚███╔╝
    ██╔══██║██║   ██║   ██║   ██║   ██║██╔══██╗██║   ██║ ██╔██╗
    ██║  ██║╚██████╔╝   ██║   ╚██████╔╝██████╔╝╚██████╔╝██╔╝ ██╗
    ╚═╝  ╚═╝ ╚═════╝    ╚═╝    ╚═════╝ ╚═════╝  ╚═════╝ ╚═╝  ╚═╝
    
2025-08-21 14:51:11 | app | INFO | Initializing Autobox Engine...
2025-08-21 14:51:11 | app | INFO | ============================================================
2025-08-21 14:51:11 | app | INFO | 🚀 SIMULATION STARTING
2025-08-21 14:51:11 | app | INFO | 📝 SIMULATION ID: 6cb66dd4-9496-482c-9a8e-417ab06cf959
2025-08-21 14:51:11 | app | INFO | 🔍 Check status with:
2025-08-21 14:51:11 | app | INFO |    curl http://localhost:5000/simulations/6cb66dd4-9496-482c-9a8e-417ab06cf959
2025-08-21 14:51:11 | app | INFO | ============================================================
2025-08-21 14:51:47 | app | INFO | Server still running. Press Ctrl+C to stop.


    █████╗ ██╗   ██╗████████╗ ██████╗ ██████╗  ██████╗ ██╗  ██╗
    ██╔══██╗██║   ██║╚══██╔══╝██╔═══██╗██╔══██╗██╔═══██╗╚██╗██╔╝
    ███████║██║   ██║   ██║   ██║   ██║██████╔╝██║   ██║ ╚███╔╝
    ██╔══██║██║   ██║   ██║   ██║   ██║██╔══██╗██║   ██║ ██╔██╗
    ██║  ██║╚██████╔╝   ██║   ╚██████╔╝██████╔╝╚██████╔╝██╔╝ ██╗
    ╚═╝  ╚═╝ ╚═════╝    ╚═╝    ╚═════╝ ╚═════╝  ╚═════╝ ╚═╝  ╚═╝
    
2025-08-21 15:14:33 | app | INFO | Initializing Autobox Engine...
2025-08-21 15:14:33 | app | INFO | ============================================================
2025-08-21 15:14:33 | app | INFO | 🚀 SIMULATION STARTING
2025-08-21 15:14:33 | app | INFO | 📝 SIMULATION ID: cd730ec2-d6f2-4c11-a17f-1857f7edbadd
2025-08-21 15:14:33 | app | INFO | 🔍 Check status with:
2025-08-21 15:14:33 | app | INFO |    curl http://localhost:5000/simulations/cd730ec2-d6f2-4c11-a17f-1857f7edbadd
2025-08-21 15:14:33 | app | INFO | ============================================================


    █████╗ ██╗   ██╗████████╗ ██████╗ ██████╗  ██████╗ ██╗  ██╗
    ██╔══██╗██║   ██║╚══██╔══╝██╔═══██╗██╔══██╗██╔═══██╗╚██╗██╔╝
    ███████║██║   ██║   ██║   ██║   ██║██████╔╝██║   ██║ ╚███╔╝
    ██╔══██║██║   ██║   ██║   ██║   ██║██╔══██╗██║   ██║ ██╔██╗
    ██║  ██║╚██████╔╝   ██║   ╚██████╔╝██████╔╝╚██████╔╝██╔╝ ██╗
    ╚═╝  ╚═╝ ╚═════╝    ╚═╝    ╚═════╝ ╚═════╝  ╚═════╝ ╚═╝  ╚═╝
    
2025-08-21 15:16:55 | app | INFO | Initializing Autobox Engine...
2025-08-21 15:16:55 | app | INFO | ============================================================
2025-08-21 15:16:55 | app | INFO | 🚀 SIMULATION STARTING
2025-08-21 15:16:55 | app | INFO | 📝 SIMULATION ID: 7a528947-70ff-4a08-bd07-32e8592aa490
2025-08-21 15:16:55 | app | INFO | 🔍 Check status with:
2025-08-21 15:16:55 | app | INFO |    curl http://localhost:5000/simulations/7a528947-70ff-4a08-bd07-32e8592aa490
2025-08-21 15:16:55 | app | INFO | ============================================================


    █████╗ ██╗   ██╗████████╗ ██████╗ ██████╗  ██████╗ ██╗  ██╗
    ██╔══██╗██║   ██║╚══██╔══╝██╔═══██╗██╔══██╗██╔═══██╗╚██╗██╔╝
    ███████║██║   ██║   ██║   ██║   ██║██████╔╝██║   ██║ ╚███╔╝
    ██╔══██║██║   ██║   ██║   ██║   ██║██╔══██╗██║   ██║ ██╔██╗
    ██║  ██║╚██████╔╝   ██║   ╚██████╔╝██████╔╝╚██████╔╝██╔╝ ██╗
    ╚═╝  ╚═╝ ╚═════╝    ╚═╝    ╚═════╝ ╚═════╝  ╚═════╝ ╚═╝  ╚═╝
    
2025-08-21 15:20:38 | app | INFO | Initializing Autobox Engine...
2025-08-21 15:20:38 | app | INFO | ============================================================
2025-08-21 15:20:38 | app | INFO | 🚀 SIMULATION STARTING
2025-08-21 15:20:38 | app | INFO | 📝 SIMULATION ID: e4ce20dd-5891-4c2b-87c0-2cdcbebb3b53
2025-08-21 15:20:38 | app | INFO | 🔍 Check status with:
2025-08-21 15:20:38 | app | INFO |    curl http://localhost:5000/simulations/e4ce20dd-5891-4c2b-87c0-2cdcbebb3b53
2025-08-21 15:20:38 | app | INFO | ============================================================


    █████╗ ██╗   ██╗████████╗ ██████╗ ██████╗  ██████╗ ██╗  ██╗
    ██╔══██╗██║   ██║╚══██╔══╝██╔═══██╗██╔══██╗██╔═══██╗╚██╗██╔╝
    ███████║██║   ██║   ██║   ██║   ██║██████╔╝██║   ██║ ╚███╔╝
    ██╔══██║██║   ██║   ██║   ██║   ██║██╔══██╗██║   ██║ ██╔██╗
    ██║  ██║╚██████╔╝   ██║   ╚██████╔╝██████╔╝╚██████╔╝██╔╝ ██╗
    ╚═╝  ╚═╝ ╚═════╝    ╚═╝    ╚═════╝ ╚═════╝  ╚═════╝ ╚═╝  ╚═╝
    
2025-08-21 15:21:04 | app | INFO | Initializing Autobox Engine...
2025-08-21 15:21:04 | app | INFO | ============================================================
2025-08-21 15:21:04 | app | INFO | 🚀 SIMULATION STARTING
2025-08-21 15:21:04 | app | INFO | 📝 SIMULATION ID: acf8cd43-ff2d-4184-9a3e-ff5363fdbe39
2025-08-21 15:21:04 | app | INFO | 🔍 Check status with:
2025-08-21 15:21:04 | app | INFO |    curl http://localhost:5000/simulations/acf8cd43-ff2d-4184-9a3e-ff5363fdbe39
2025-08-21 15:21:04 | app | INFO | ============================================================


    █████╗ ██╗   ██╗████████╗ ██████╗ ██████╗  ██████╗ ██╗  ██╗
    ██╔══██╗██║   ██║╚══██╔══╝██╔═══██╗██╔══██╗██╔═══██╗╚██╗██╔╝
    ███████║██║   ██║   ██║   ██║   ██║██████╔╝██║   ██║ ╚███╔╝
    ██╔══██║██║   ██║   ██║   ██║   ██║██╔══██╗██║   ██║ ██╔██╗
    ██║  ██║╚██████╔╝   ██║   ╚██████╔╝██████╔╝╚██████╔╝██╔╝ ██╗
    ╚═╝  ╚═╝ ╚═════╝    ╚═╝    ╚═════╝ ╚═════╝  ╚═════╝ ╚═╝  ╚═╝
    
2025-08-21 15:22:16 | app | INFO | Initializing Autobox Engine...
2025-08-21 15:22:16 | app | INFO | ============================================================
2025-08-21 15:22:16 | app | INFO | 🚀 SIMULATION STARTING
2025-08-21 15:22:16 | app | INFO | 📝 SIMULATION ID: fb6a9960-22e6-4d1d-92e8-afb40a6243a2
2025-08-21 15:22:16 | app | INFO | 🔍 Check status with:
2025-08-21 15:22:16 | app | INFO |    curl http://localhost:5000/simulations/fb6a9960-22e6-4d1d-92e8-afb40a6243a2
2025-08-21 15:22:16 | app | INFO | ============================================================


    █████╗ ██╗   ██╗████████╗ ██████╗ ██████╗  ██████╗ ██╗  ██╗
    ██╔══██╗██║   ██║╚══██╔══╝██╔═══██╗██╔══██╗██╔═══██╗╚██╗██╔╝
    ███████║██║   ██║   ██║   ██║   ██║██████╔╝██║   ██║ ╚███╔╝
    ██╔══██║██║   ██║   ██║   ██║   ██║██╔══██╗██║   ██║ ██╔██╗
    ██║  ██║╚██████╔╝   ██║   ╚██████╔╝██████╔╝╚██████╔╝██╔╝ ██╗
    ╚═╝  ╚═╝ ╚═════╝    ╚═╝    ╚═════╝ ╚═════╝  ╚═════╝ ╚═╝  ╚═╝
    
2025-08-21 15:24:55 | app | INFO | Initializing Autobox Engine...
2025-08-21 15:24:55 | app | INFO | ============================================================
2025-08-21 15:24:55 | app | INFO | 🚀 SIMULATION STARTING
2025-08-21 15:24:55 | app | INFO | 📝 SIMULATION ID: fa5a4c35-8f58-4cc5-a588-6ae0a946ebe6
2025-08-21 15:24:55 | app | INFO | 🔍 Check status with:
2025-08-21 15:24:55 | app | INFO |    curl http://localhost:5000/simulations/fa5a4c35-8f58-4cc5-a588-6ae0a946ebe6
2025-08-21 15:24:55 | app | INFO | ============================================================


    █████╗ ██╗   ██╗████████╗ ██████╗ ██████╗  ██████╗ ██╗  ██╗
    ██╔══██╗██║   ██║╚══██╔══╝██╔═══██╗██╔══██╗██╔═══██╗╚██╗██╔╝
    ███████║██║   ██║   ██║   ██║   ██║██████╔╝██║   ██║ ╚███╔╝
    ██╔══██║██║   ██║   ██║   ██║   ██║██╔══██╗██║   ██║ ██╔██╗
    ██║  ██║╚██████╔╝   ██║   ╚██████╔╝██████╔╝╚██████╔╝██╔╝ ██╗
    ╚═╝  ╚═╝ ╚═════╝    ╚═╝    ╚═════╝ ╚═════╝  ╚═════╝ ╚═╝  ╚═╝
    
2025-08-21 15:26:23 | app | INFO | Initializing Autobox Engine...
2025-08-21 15:26:23 | app | INFO | ============================================================
2025-08-21 15:26:23 | app | INFO | 🚀 SIMULATION STARTING
2025-08-21 15:26:23 | app | INFO | 📝 SIMULATION ID: b4bc7fbf-85f3-406e-823b-408ed7394d50
2025-08-21 15:26:23 | app | INFO | 🔍 Check status with:
2025-08-21 15:26:23 | app | INFO |    curl http://localhost:5000/simulations/b4bc7fbf-85f3-406e-823b-408ed7394d50
2025-08-21 15:26:23 | app | INFO | ============================================================


    █████╗ ██╗   ██╗████████╗ ██████╗ ██████╗  ██████╗ ██╗  ██╗
    ██╔══██╗██║   ██║╚══██╔══╝██╔═══██╗██╔══██╗██╔═══██╗╚██╗██╔╝
    ███████║██║   ██║   ██║   ██║   ██║██████╔╝██║   ██║ ╚███╔╝
    ██╔══██║██║   ██║   ██║   ██║   ██║██╔══██╗██║   ██║ ██╔██╗
    ██║  ██║╚██████╔╝   ██║   ╚██████╔╝██████╔╝╚██████╔╝██╔╝ ██╗
    ╚═╝  ╚═╝ ╚═════╝    ╚═╝    ╚═════╝ ╚═════╝  ╚═════╝ ╚═╝  ╚═╝
    
2025-08-21 15:31:54 | app | INFO | Initializing Autobox Engine...
2025-08-21 15:31:54 | app | INFO | ============================================================
2025-08-21 15:31:54 | app | INFO | 🚀 SIMULATION STARTING
2025-08-21 15:31:54 | app | INFO | 📝 SIMULATION ID: 2a0d0e30-5556-4b8a-8c15-0b4c4f0ab779
2025-08-21 15:31:54 | app | INFO | 🔍 Check status with:
2025-08-21 15:31:54 | app | INFO |    curl http://localhost:5000/simulations/2a0d0e30-5556-4b8a-8c15-0b4c4f0ab779
2025-08-21 15:31:54 | app | INFO | ============================================================
