2025-08-21 13:09:03 | server | INFO | Starting server on localhost:5000
2025-08-21 13:09:03 | server | INFO | Starting background queue consumer...
2025-08-21 13:09:03 | server | INFO | Queue consumer started successfully
2025-08-21 13:11:45 | server | INFO | Starting server on localhost:5000
2025-08-21 13:11:45 | server | INFO | Starting background queue consumer...
2025-08-21 13:11:45 | server | INFO | Queue consumer started successfully
2025-08-21 13:12:16 | server | INFO | Ping received.
2025-08-21 13:14:32 | server | INFO | Starting server on localhost:5000
2025-08-21 13:14:32 | server | INFO | Starting background queue consumer...
2025-08-21 13:14:32 | server | INFO | Queue consumer started successfully
2025-08-21 13:16:28 | server | INFO | Starting server on localhost:5000
2025-08-21 13:16:29 | server | INFO | Starting background queue consumer...
2025-08-21 13:16:29 | server | INFO | Queue consumer started successfully
2025-08-21 13:27:44 | server | INFO | Starting server on localhost:5000
2025-08-21 13:27:44 | server | INFO | Starting background queue consumer...
2025-08-21 13:27:44 | server | INFO | Queue consumer started successfully
2025-08-21 13:28:10 | server | INFO | Ping received.
2025-08-21 13:28:18 | server | INFO | Ping actor response: None
2025-08-21 13:28:40 | server | INFO | Starting server on localhost:5000
2025-08-21 13:28:40 | server | INFO | Starting background queue consumer...
2025-08-21 13:28:40 | server | INFO | Queue consumer started successfully
2025-08-21 13:28:43 | server | INFO | Ping received.
2025-08-21 13:35:58 | server | INFO | Starting server on localhost:5000
2025-08-21 13:35:58 | server | INFO | Starting background queue consumer...
2025-08-21 13:35:58 | server | INFO | Queue consumer started successfully
2025-08-21 13:36:06 | server | INFO | Ping received.
2025-08-21 13:36:06 | server | ERROR | Failed to ping orchestrator: Actor `ask' address is not a valid ActorAddress: address=<thespian.actors.ActorAddress object at 0x112ad7c50> name='orchestrator' id='29fe5f0c-8791-4bfa-b793-63fefefe5cdf'
2025-08-21 13:37:41 | server | INFO | Starting server on localhost:5000
2025-08-21 13:37:41 | server | INFO | Starting background queue consumer...
2025-08-21 13:37:41 | server | INFO | Queue consumer started successfully
2025-08-21 13:37:43 | server | INFO | Ping received.
2025-08-21 13:37:43 | server | INFO | Ping actor response: {'type': 'PONG', 'from': 'orchestrator', 'status': <ActorStatus.RUNNING: 'running'>}
2025-08-21 13:37:46 | server | INFO | Ping received.
2025-08-21 13:37:46 | server | INFO | Ping actor response: {'type': 'PONG', 'from': 'orchestrator', 'status': <ActorStatus.RUNNING: 'running'>}
2025-08-21 13:37:47 | server | INFO | Ping received.
2025-08-21 13:37:47 | server | INFO | Ping actor response: {'type': 'PONG', 'from': 'orchestrator', 'status': <ActorStatus.RUNNING: 'running'>}
2025-08-21 13:37:48 | server | INFO | Ping received.
2025-08-21 13:37:48 | server | INFO | Ping actor response: {'type': 'PONG', 'from': 'orchestrator', 'status': <ActorStatus.RUNNING: 'running'>}
2025-08-21 13:37:49 | server | INFO | Ping received.
2025-08-21 13:37:49 | server | INFO | Ping actor response: {'type': 'PONG', 'from': 'orchestrator', 'status': <ActorStatus.RUNNING: 'running'>}
2025-08-21 13:37:49 | server | INFO | Ping received.
2025-08-21 13:37:49 | server | INFO | Ping actor response: {'type': 'PONG', 'from': 'orchestrator', 'status': <ActorStatus.RUNNING: 'running'>}
2025-08-21 13:37:50 | server | INFO | Ping received.
2025-08-21 13:37:50 | server | INFO | Ping actor response: {'type': 'PONG', 'from': 'orchestrator', 'status': <ActorStatus.RUNNING: 'running'>}
2025-08-21 13:37:51 | server | INFO | Ping received.
2025-08-21 13:37:51 | server | INFO | Ping actor response: {'type': 'PONG', 'from': 'orchestrator', 'status': <ActorStatus.RUNNING: 'running'>}
2025-08-21 13:37:51 | server | INFO | Ping received.
2025-08-21 13:37:51 | server | INFO | Ping actor response: {'type': 'PONG', 'from': 'orchestrator', 'status': <ActorStatus.RUNNING: 'running'>}
2025-08-21 13:37:52 | server | INFO | Ping received.
2025-08-21 13:37:52 | server | INFO | Ping actor response: {'type': 'PONG', 'from': 'orchestrator', 'status': <ActorStatus.RUNNING: 'running'>}
2025-08-21 13:37:52 | server | INFO | Ping received.
2025-08-21 13:37:52 | server | INFO | Ping actor response: {'type': 'PONG', 'from': 'orchestrator', 'status': <ActorStatus.RUNNING: 'running'>}
2025-08-21 13:37:53 | server | INFO | Ping received.
2025-08-21 13:37:53 | server | INFO | Ping actor response: {'type': 'PONG', 'from': 'orchestrator', 'status': <ActorStatus.RUNNING: 'running'>}
2025-08-21 13:37:53 | server | INFO | Ping received.
2025-08-21 13:37:53 | server | INFO | Ping actor response: {'type': 'PONG', 'from': 'orchestrator', 'status': <ActorStatus.RUNNING: 'running'>}
2025-08-21 13:37:54 | server | INFO | Ping received.
2025-08-21 13:37:54 | server | INFO | Ping actor response: {'type': 'PONG', 'from': 'orchestrator', 'status': <ActorStatus.RUNNING: 'running'>}
2025-08-21 13:37:54 | server | INFO | Ping received.
2025-08-21 13:37:54 | server | INFO | Ping actor response: {'type': 'PONG', 'from': 'orchestrator', 'status': <ActorStatus.RUNNING: 'running'>}
2025-08-21 13:37:55 | server | INFO | Ping received.
2025-08-21 13:37:55 | server | INFO | Ping actor response: {'type': 'PONG', 'from': 'orchestrator', 'status': <ActorStatus.RUNNING: 'running'>}
2025-08-21 13:37:59 | server | INFO | Ping received.
2025-08-21 13:37:59 | server | INFO | Ping actor response: {'type': 'PONG', 'from': 'orchestrator', 'status': <ActorStatus.RUNNING: 'running'>}
2025-08-21 13:37:59 | server | INFO | Ping received.
2025-08-21 13:37:59 | server | INFO | Ping actor response: {'type': 'PONG', 'from': 'orchestrator', 'status': <ActorStatus.RUNNING: 'running'>}
2025-08-21 13:37:59 | server | INFO | Ping received.
2025-08-21 13:37:59 | server | INFO | Ping actor response: {'type': 'PONG', 'from': 'orchestrator', 'status': <ActorStatus.RUNNING: 'running'>}
2025-08-21 13:38:00 | server | INFO | Ping received.
2025-08-21 13:38:00 | server | INFO | Ping actor response: {'type': 'PONG', 'from': 'orchestrator', 'status': <ActorStatus.RUNNING: 'running'>}
2025-08-21 13:38:00 | server | INFO | Ping received.
2025-08-21 13:38:00 | server | INFO | Ping actor response: {'type': 'PONG', 'from': 'orchestrator', 'status': <ActorStatus.RUNNING: 'running'>}
2025-08-21 13:40:48 | server | INFO | Ping received.
2025-08-21 13:40:49 | server | INFO | Ping actor response: None
2025-08-21 13:40:49 | server | INFO | Ping received.
2025-08-21 13:40:50 | server | INFO | Ping received.
2025-08-21 13:40:50 | server | INFO | Ping actor response: None
2025-08-21 13:40:51 | server | INFO | Ping received.
2025-08-21 13:40:51 | server | INFO | Ping received.
2025-08-21 13:40:51 | server | INFO | Ping actor response: None
2025-08-21 13:40:52 | server | INFO | Ping received.
2025-08-21 13:40:52 | server | INFO | Ping actor response: None
2025-08-21 13:40:52 | server | INFO | Ping received.
2025-08-21 13:40:52 | server | INFO | Ping actor response: None
2025-08-21 13:40:53 | server | INFO | Ping received.
2025-08-21 13:40:53 | server | INFO | Ping actor response: None
2025-08-21 13:40:53 | server | INFO | Ping received.
2025-08-21 13:40:53 | server | INFO | Ping actor response: None
2025-08-21 13:40:53 | server | INFO | Ping received.
2025-08-21 13:40:54 | server | INFO | Ping actor response: None
2025-08-21 13:40:54 | server | INFO | Ping received.
2025-08-21 13:40:54 | server | INFO | Ping received.
2025-08-21 13:40:54 | server | INFO | Ping actor response: None
2025-08-21 13:40:54 | server | INFO | Ping actor response: None
2025-08-21 13:40:55 | server | INFO | Ping actor response: None
2025-08-21 13:40:55 | server | INFO | Ping actor response: None
2025-08-21 13:41:09 | server | INFO | Starting server on localhost:5000
2025-08-21 13:41:09 | server | INFO | Starting background queue consumer...
2025-08-21 13:41:09 | server | INFO | Queue consumer started successfully
2025-08-21 13:41:09 | server | INFO | Ping received.
2025-08-21 13:41:09 | server | INFO | Ping actor response: {'type': 'PONG', 'from': 'orchestrator', 'status': <ActorStatus.RUNNING: 'running'>}
2025-08-21 13:41:10 | server | INFO | Ping received.
2025-08-21 13:41:10 | server | INFO | Ping actor response: {'type': 'PONG', 'from': 'orchestrator', 'status': <ActorStatus.RUNNING: 'running'>}
2025-08-21 13:41:10 | server | INFO | Ping received.
2025-08-21 13:41:10 | server | INFO | Ping actor response: {'type': 'PONG', 'from': 'orchestrator', 'status': <ActorStatus.RUNNING: 'running'>}
2025-08-21 13:41:11 | server | INFO | Ping received.
2025-08-21 13:41:11 | server | INFO | Ping actor response: {'type': 'PONG', 'from': 'orchestrator', 'status': <ActorStatus.RUNNING: 'running'>}
2025-08-21 13:41:11 | server | INFO | Ping received.
2025-08-21 13:41:11 | server | INFO | Ping actor response: {'type': 'PONG', 'from': 'orchestrator', 'status': <ActorStatus.RUNNING: 'running'>}
2025-08-21 13:41:11 | server | INFO | Ping received.
2025-08-21 13:41:11 | server | INFO | Ping actor response: {'type': 'PONG', 'from': 'orchestrator', 'status': <ActorStatus.RUNNING: 'running'>}
2025-08-21 13:41:12 | server | INFO | Ping received.
2025-08-21 13:41:12 | server | INFO | Ping actor response: {'type': 'PONG', 'from': 'orchestrator', 'status': <ActorStatus.RUNNING: 'running'>}
2025-08-21 13:41:12 | server | INFO | Ping received.
2025-08-21 13:41:12 | server | INFO | Ping actor response: {'type': 'PONG', 'from': 'orchestrator', 'status': <ActorStatus.RUNNING: 'running'>}
2025-08-21 13:41:12 | server | INFO | Ping received.
2025-08-21 13:41:12 | server | INFO | Ping actor response: {'type': 'PONG', 'from': 'orchestrator', 'status': <ActorStatus.RUNNING: 'running'>}
2025-08-21 13:41:12 | server | INFO | Ping received.
2025-08-21 13:41:12 | server | INFO | Ping actor response: {'type': 'PONG', 'from': 'orchestrator', 'status': <ActorStatus.RUNNING: 'running'>}
2025-08-21 13:41:13 | server | INFO | Ping received.
2025-08-21 13:41:13 | server | INFO | Ping actor response: {'type': 'PONG', 'from': 'orchestrator', 'status': <ActorStatus.RUNNING: 'running'>}
2025-08-21 13:41:13 | server | INFO | Ping received.
2025-08-21 13:41:13 | server | INFO | Ping actor response: {'type': 'PONG', 'from': 'orchestrator', 'status': <ActorStatus.RUNNING: 'running'>}
2025-08-21 13:41:13 | server | INFO | Ping received.
2025-08-21 13:41:13 | server | INFO | Ping actor response: {'type': 'PONG', 'from': 'orchestrator', 'status': <ActorStatus.RUNNING: 'running'>}
2025-08-21 13:41:14 | server | INFO | Ping received.
2025-08-21 13:41:14 | server | INFO | Ping actor response: {'type': 'PONG', 'from': 'orchestrator', 'status': <ActorStatus.RUNNING: 'running'>}
2025-08-21 13:41:14 | server | INFO | Ping received.
2025-08-21 13:41:14 | server | INFO | Ping actor response: {'type': 'PONG', 'from': 'orchestrator', 'status': <ActorStatus.RUNNING: 'running'>}
2025-08-21 13:41:14 | server | INFO | Ping received.
2025-08-21 13:41:14 | server | INFO | Ping actor response: {'type': 'PONG', 'from': 'orchestrator', 'status': <ActorStatus.RUNNING: 'running'>}
2025-08-21 13:41:14 | server | INFO | Ping received.
2025-08-21 13:41:14 | server | INFO | Ping actor response: {'type': 'PONG', 'from': 'orchestrator', 'status': <ActorStatus.RUNNING: 'running'>}
2025-08-21 13:41:15 | server | INFO | Ping received.
2025-08-21 13:41:15 | server | INFO | Ping actor response: {'type': 'PONG', 'from': 'orchestrator', 'status': <ActorStatus.RUNNING: 'running'>}
2025-08-21 13:41:15 | server | INFO | Ping received.
2025-08-21 13:41:15 | server | INFO | Ping actor response: {'type': 'PONG', 'from': 'orchestrator', 'status': <ActorStatus.RUNNING: 'running'>}
2025-08-21 13:41:15 | server | INFO | Ping received.
2025-08-21 13:41:15 | server | INFO | Ping actor response: {'type': 'PONG', 'from': 'orchestrator', 'status': <ActorStatus.RUNNING: 'running'>}
2025-08-21 13:41:15 | server | INFO | Ping received.
2025-08-21 13:41:15 | server | INFO | Ping actor response: {'type': 'PONG', 'from': 'orchestrator', 'status': <ActorStatus.RUNNING: 'running'>}
2025-08-21 14:01:43 | server | INFO | Starting server on localhost:5000
2025-08-21 14:01:43 | server | INFO | Starting background queue consumer...
2025-08-21 14:01:43 | server | INFO | Queue consumer started successfully
2025-08-21 14:01:48 | server | INFO | Ping received.
2025-08-21 14:01:48 | server | INFO | Ping actor response: {'type': 'PONG', 'from': 'orchestrator', 'status': <ActorStatus.RUNNING: 'running'>}
2025-08-21 14:02:23 | server | INFO | Starting server on localhost:5000
2025-08-21 14:02:23 | server | INFO | Starting background queue consumer...
2025-08-21 14:02:23 | server | INFO | Queue consumer started successfully
2025-08-21 14:02:26 | server | INFO | Ping received.
2025-08-21 14:02:26 | server | INFO | Ping actor response: {'type': 'PONG', 'from': 'orchestrator', 'status': <ActorStatus.RUNNING: 'running'>, 'progress': 0}
2025-08-21 14:02:27 | server | INFO | Ping received.
2025-08-21 14:02:27 | server | INFO | Ping actor response: {'type': 'PONG', 'from': 'orchestrator', 'status': <ActorStatus.RUNNING: 'running'>, 'progress': 0}
2025-08-21 14:02:28 | server | INFO | Ping received.
2025-08-21 14:02:28 | server | INFO | Ping actor response: {'type': 'PONG', 'from': 'orchestrator', 'status': <ActorStatus.RUNNING: 'running'>, 'progress': 0}
2025-08-21 14:02:28 | server | INFO | Ping received.
2025-08-21 14:02:28 | server | INFO | Ping actor response: {'type': 'PONG', 'from': 'orchestrator', 'status': <ActorStatus.RUNNING: 'running'>, 'progress': 0}
2025-08-21 14:02:38 | server | INFO | Ping received.
2025-08-21 14:02:38 | server | INFO | Ping actor response: {'type': 'PONG', 'from': 'orchestrator', 'status': <ActorStatus.RUNNING: 'running'>, 'progress': 30.0}
2025-08-21 14:02:39 | server | INFO | Ping received.
2025-08-21 14:02:39 | server | INFO | Ping actor response: {'type': 'PONG', 'from': 'orchestrator', 'status': <ActorStatus.RUNNING: 'running'>, 'progress': 30.0}
2025-08-21 14:02:40 | server | INFO | Ping received.
2025-08-21 14:02:40 | server | INFO | Ping actor response: {'type': 'PONG', 'from': 'orchestrator', 'status': <ActorStatus.RUNNING: 'running'>, 'progress': 30.0}
2025-08-21 14:02:41 | server | INFO | Ping received.
2025-08-21 14:02:41 | server | INFO | Ping actor response: {'type': 'PONG', 'from': 'orchestrator', 'status': <ActorStatus.RUNNING: 'running'>, 'progress': 30.0}
2025-08-21 14:02:43 | server | INFO | Ping received.
2025-08-21 14:02:43 | server | INFO | Ping actor response: {'type': 'PONG', 'from': 'orchestrator', 'status': <ActorStatus.RUNNING: 'running'>, 'progress': 30.0}
2025-08-21 14:02:43 | server | INFO | Ping received.
2025-08-21 14:02:43 | server | INFO | Ping actor response: {'type': 'PONG', 'from': 'orchestrator', 'status': <ActorStatus.RUNNING: 'running'>, 'progress': 30.0}
2025-08-21 14:02:44 | server | INFO | Ping received.
2025-08-21 14:02:44 | server | INFO | Ping actor response: {'type': 'PONG', 'from': 'orchestrator', 'status': <ActorStatus.RUNNING: 'running'>, 'progress': 30.0}
2025-08-21 14:02:44 | server | INFO | Ping received.
2025-08-21 14:02:44 | server | INFO | Ping actor response: {'type': 'PONG', 'from': 'orchestrator', 'status': <ActorStatus.RUNNING: 'running'>, 'progress': 30.0}
2025-08-21 14:02:45 | server | INFO | Ping received.
2025-08-21 14:02:45 | server | INFO | Ping actor response: {'type': 'PONG', 'from': 'orchestrator', 'status': <ActorStatus.RUNNING: 'running'>, 'progress': 30.0}
2025-08-21 14:02:45 | server | INFO | Ping received.
2025-08-21 14:02:45 | server | INFO | Ping actor response: {'type': 'PONG', 'from': 'orchestrator', 'status': <ActorStatus.RUNNING: 'running'>, 'progress': 30.0}
2025-08-21 14:02:54 | server | INFO | Ping received.
2025-08-21 14:02:54 | server | INFO | Ping actor response: {'type': 'PONG', 'from': 'orchestrator', 'status': <ActorStatus.RUNNING: 'running'>, 'progress': 50.0}
2025-08-21 14:02:55 | server | INFO | Ping received.
2025-08-21 14:02:55 | server | INFO | Ping actor response: {'type': 'PONG', 'from': 'orchestrator', 'status': <ActorStatus.RUNNING: 'running'>, 'progress': 50.0}
2025-08-21 14:02:55 | server | INFO | Ping received.
2025-08-21 14:02:55 | server | INFO | Ping actor response: {'type': 'PONG', 'from': 'orchestrator', 'status': <ActorStatus.RUNNING: 'running'>, 'progress': 70.0}
2025-08-21 14:02:57 | server | INFO | Ping received.
2025-08-21 14:02:57 | server | INFO | Ping actor response: {'type': 'PONG', 'from': 'orchestrator', 'status': <ActorStatus.RUNNING: 'running'>, 'progress': 70.0}
2025-08-21 14:02:58 | server | INFO | Ping received.
2025-08-21 14:02:58 | server | INFO | Ping actor response: {'type': 'PONG', 'from': 'orchestrator', 'status': <ActorStatus.RUNNING: 'running'>, 'progress': 70.0}
2025-08-21 14:02:58 | server | INFO | Ping received.
2025-08-21 14:02:58 | server | INFO | Ping actor response: {'type': 'PONG', 'from': 'orchestrator', 'status': <ActorStatus.RUNNING: 'running'>, 'progress': 70.0}
2025-08-21 14:02:58 | server | INFO | Ping received.
2025-08-21 14:02:58 | server | INFO | Ping actor response: {'type': 'PONG', 'from': 'orchestrator', 'status': <ActorStatus.RUNNING: 'running'>, 'progress': 70.0}
2025-08-21 14:02:58 | server | INFO | Ping received.
2025-08-21 14:02:58 | server | INFO | Ping actor response: {'type': 'PONG', 'from': 'orchestrator', 'status': <ActorStatus.RUNNING: 'running'>, 'progress': 70.0}
2025-08-21 14:02:58 | server | INFO | Ping received.
2025-08-21 14:02:58 | server | INFO | Ping actor response: {'type': 'PONG', 'from': 'orchestrator', 'status': <ActorStatus.RUNNING: 'running'>, 'progress': 70.0}
2025-08-21 14:02:59 | server | INFO | Ping received.
2025-08-21 14:02:59 | server | INFO | Ping actor response: {'type': 'PONG', 'from': 'orchestrator', 'status': <ActorStatus.RUNNING: 'running'>, 'progress': 70.0}
2025-08-21 14:02:59 | server | INFO | Ping received.
2025-08-21 14:02:59 | server | INFO | Ping actor response: {'type': 'PONG', 'from': 'orchestrator', 'status': <ActorStatus.RUNNING: 'running'>, 'progress': 70.0}
2025-08-21 14:07:11 | server | INFO | Ping received.
2025-08-21 14:07:13 | server | INFO | Ping actor response: None
2025-08-21 14:41:01 | server | INFO | Starting server on localhost:5000
2025-08-21 14:41:01 | server | INFO | Starting background queue consumer...
2025-08-21 14:41:01 | server | INFO | Queue consumer started successfully
2025-08-21 14:41:14 | server | INFO | Ping received.
2025-08-21 14:41:14 | server | INFO | Ping actor response: Poison<SimulationSignal(type=<Signal.SIMULATION: 'simulation'>, from_agent='server', to_agent=<ActorName.ORCHESTRATOR: 'orchestrator'>, content=None)>: Traceback (most recent call last):
  File "/Users/martin.dagostino/workspace/margostino/autobox/autobox-engine/.venv/lib/python3.13/site-packages/thespian/system/actorManager.py", line 179, in _handleOneMessage
    actor_result = self.actorInst.receiveMessage(copy.deepcopy(msg), envelope.sender)
  File "/Users/martin.dagostino/workspace/margostino/autobox/autobox-engine/autobox/core/agents/orchestrator.py", line 54, in receiveMessage
    SimulationMessage(
    ~~~~~~~~~~~~~~~~~^
        status=self.status,
        ^^^^^^^^^^^^^^^^^^^
        progress=self.progress,
        ^^^^^^^^^^^^^^^^^^^^^^^
    ),
    ^
  File "/Users/martin.dagostino/workspace/margostino/autobox/autobox-engine/.venv/lib/python3.13/site-packages/pydantic/main.py", line 253, in __init__
    validated_self = self.__pydantic_validator__.validate_python(data, self_instance=self)
pydantic_core._pydantic_core.ValidationError: 1 validation error for SimulationMessage
status
  Input should be 'started', 'in progress', 'new', 'failed', 'completed', 'timeout' or 'aborted' [type=enum, input_value=<ActorStatus.RUNNING: 'running'>, input_type=ActorStatus]
    For further information visit https://errors.pydantic.dev/2.11/v/enum

2025-08-21 14:41:19 | server | INFO | Simulation status received.
2025-08-21 14:41:19 | server | INFO | Status actor response: Poison<SimulationSignal(type=<Signal.SIMULATION: 'simulation'>, from_agent='server', to_agent=<ActorName.ORCHESTRATOR: 'orchestrator'>, content=None)>: Traceback (most recent call last):
  File "/Users/martin.dagostino/workspace/margostino/autobox/autobox-engine/.venv/lib/python3.13/site-packages/thespian/system/actorManager.py", line 179, in _handleOneMessage
    actor_result = self.actorInst.receiveMessage(copy.deepcopy(msg), envelope.sender)
  File "/Users/martin.dagostino/workspace/margostino/autobox/autobox-engine/autobox/core/agents/orchestrator.py", line 54, in receiveMessage
    SimulationMessage(
    ~~~~~~~~~~~~~~~~~^
        status=self.status,
        ^^^^^^^^^^^^^^^^^^^
        progress=self.progress,
        ^^^^^^^^^^^^^^^^^^^^^^^
    ),
    ^
  File "/Users/martin.dagostino/workspace/margostino/autobox/autobox-engine/.venv/lib/python3.13/site-packages/pydantic/main.py", line 253, in __init__
    validated_self = self.__pydantic_validator__.validate_python(data, self_instance=self)
pydantic_core._pydantic_core.ValidationError: 1 validation error for SimulationMessage
status
  Input should be 'started', 'in progress', 'new', 'failed', 'completed', 'timeout' or 'aborted' [type=enum, input_value=<ActorStatus.RUNNING: 'running'>, input_type=ActorStatus]
    For further information visit https://errors.pydantic.dev/2.11/v/enum

2025-08-21 14:41:19 | server | ERROR | Failed to ping orchestrator: 'PoisonMessage' object has no attribute 'status'
2025-08-21 14:41:20 | server | INFO | Simulation status received.
2025-08-21 14:41:20 | server | INFO | Status actor response: Poison<SimulationSignal(type=<Signal.SIMULATION: 'simulation'>, from_agent='server', to_agent=<ActorName.ORCHESTRATOR: 'orchestrator'>, content=None)>: Traceback (most recent call last):
  File "/Users/martin.dagostino/workspace/margostino/autobox/autobox-engine/.venv/lib/python3.13/site-packages/thespian/system/actorManager.py", line 179, in _handleOneMessage
    actor_result = self.actorInst.receiveMessage(copy.deepcopy(msg), envelope.sender)
  File "/Users/martin.dagostino/workspace/margostino/autobox/autobox-engine/autobox/core/agents/orchestrator.py", line 54, in receiveMessage
    SimulationMessage(
    ~~~~~~~~~~~~~~~~~^
        status=self.status,
        ^^^^^^^^^^^^^^^^^^^
        progress=self.progress,
        ^^^^^^^^^^^^^^^^^^^^^^^
    ),
    ^
  File "/Users/martin.dagostino/workspace/margostino/autobox/autobox-engine/.venv/lib/python3.13/site-packages/pydantic/main.py", line 253, in __init__
    validated_self = self.__pydantic_validator__.validate_python(data, self_instance=self)
pydantic_core._pydantic_core.ValidationError: 1 validation error for SimulationMessage
status
  Input should be 'started', 'in progress', 'new', 'failed', 'completed', 'timeout' or 'aborted' [type=enum, input_value=<ActorStatus.RUNNING: 'running'>, input_type=ActorStatus]
    For further information visit https://errors.pydantic.dev/2.11/v/enum

2025-08-21 14:41:20 | server | ERROR | Failed to ping orchestrator: 'PoisonMessage' object has no attribute 'status'
2025-08-21 14:41:30 | server | INFO | Simulation status received.
2025-08-21 14:41:30 | server | INFO | Status actor response: Poison<SimulationSignal(type=<Signal.SIMULATION: 'simulation'>, from_agent='server', to_agent=<ActorName.ORCHESTRATOR: 'orchestrator'>, content=None)>: Traceback (most recent call last):
  File "/Users/martin.dagostino/workspace/margostino/autobox/autobox-engine/.venv/lib/python3.13/site-packages/thespian/system/actorManager.py", line 179, in _handleOneMessage
    actor_result = self.actorInst.receiveMessage(copy.deepcopy(msg), envelope.sender)
  File "/Users/martin.dagostino/workspace/margostino/autobox/autobox-engine/autobox/core/agents/orchestrator.py", line 54, in receiveMessage
    SimulationMessage(
    ~~~~~~~~~~~~~~~~~^
        status=self.status,
        ^^^^^^^^^^^^^^^^^^^
        progress=self.progress,
        ^^^^^^^^^^^^^^^^^^^^^^^
    ),
    ^
  File "/Users/martin.dagostino/workspace/margostino/autobox/autobox-engine/.venv/lib/python3.13/site-packages/pydantic/main.py", line 253, in __init__
    validated_self = self.__pydantic_validator__.validate_python(data, self_instance=self)
pydantic_core._pydantic_core.ValidationError: 1 validation error for SimulationMessage
status
  Input should be 'started', 'in progress', 'new', 'failed', 'completed', 'timeout' or 'aborted' [type=enum, input_value=<ActorStatus.RUNNING: 'running'>, input_type=ActorStatus]
    For further information visit https://errors.pydantic.dev/2.11/v/enum

2025-08-21 14:41:30 | server | ERROR | Failed to ping orchestrator: 'PoisonMessage' object has no attribute 'status'
2025-08-21 14:49:46 | server | INFO | Starting server on localhost:5000
2025-08-21 14:49:46 | server | INFO | Starting background queue consumer...
2025-08-21 14:49:46 | server | INFO | Queue consumer started successfully
2025-08-21 14:49:49 | server | INFO | Simulation status received.
2025-08-21 14:49:49 | server | INFO | Status actor response: SimulationMessage(content=None, from_agent=None, to_agent=None, status=<SimulationStatus.STARTED: 'started'>, progress=0)
2025-08-21 14:49:53 | server | INFO | Simulation status received.
2025-08-21 14:49:54 | server | INFO | Status actor response: SimulationMessage(content=None, from_agent=None, to_agent=None, status=<SimulationStatus.STARTED: 'started'>, progress=5)
2025-08-21 14:49:54 | server | INFO | Simulation status received.
2025-08-21 14:49:54 | server | INFO | Status actor response: SimulationMessage(content=None, from_agent=None, to_agent=None, status=<SimulationStatus.STARTED: 'started'>, progress=5)
2025-08-21 14:49:55 | server | INFO | Simulation status received.
2025-08-21 14:49:55 | server | INFO | Status actor response: SimulationMessage(content=None, from_agent=None, to_agent=None, status=<SimulationStatus.STARTED: 'started'>, progress=5)
2025-08-21 14:49:56 | server | INFO | Simulation status received.
2025-08-21 14:49:56 | server | INFO | Status actor response: SimulationMessage(content=None, from_agent=None, to_agent=None, status=<SimulationStatus.STARTED: 'started'>, progress=5)
2025-08-21 14:49:56 | server | INFO | Simulation status received.
2025-08-21 14:49:56 | server | INFO | Status actor response: SimulationMessage(content=None, from_agent=None, to_agent=None, status=<SimulationStatus.STARTED: 'started'>, progress=5)
2025-08-21 14:49:57 | server | INFO | Simulation status received.
2025-08-21 14:49:57 | server | INFO | Status actor response: SimulationMessage(content=None, from_agent=None, to_agent=None, status=<SimulationStatus.STARTED: 'started'>, progress=5)
2025-08-21 14:49:57 | server | INFO | Simulation status received.
2025-08-21 14:49:57 | server | INFO | Status actor response: SimulationMessage(content=None, from_agent=None, to_agent=None, status=<SimulationStatus.STARTED: 'started'>, progress=5)
2025-08-21 14:49:58 | server | INFO | Simulation status received.
2025-08-21 14:49:58 | server | INFO | Status actor response: SimulationMessage(content=None, from_agent=None, to_agent=None, status=<SimulationStatus.IN_PROGRESS: 'in progress'>, progress=20)
2025-08-21 14:50:00 | server | INFO | Simulation status received.
2025-08-21 14:50:00 | server | INFO | Status actor response: SimulationMessage(content=None, from_agent=None, to_agent=None, status=<SimulationStatus.IN_PROGRESS: 'in progress'>, progress=20)
2025-08-21 14:50:07 | server | INFO | Simulation status received.
2025-08-21 14:50:07 | server | INFO | Status actor response: SimulationMessage(content=None, from_agent=None, to_agent=None, status=<SimulationStatus.IN_PROGRESS: 'in progress'>, progress=35)
2025-08-21 14:50:07 | server | INFO | Simulation status received.
2025-08-21 14:50:07 | server | INFO | Status actor response: SimulationMessage(content=None, from_agent=None, to_agent=None, status=<SimulationStatus.IN_PROGRESS: 'in progress'>, progress=35)
2025-08-21 14:50:07 | server | INFO | Simulation status received.
2025-08-21 14:50:07 | server | INFO | Status actor response: SimulationMessage(content=None, from_agent=None, to_agent=None, status=<SimulationStatus.IN_PROGRESS: 'in progress'>, progress=35)
2025-08-21 14:50:08 | server | INFO | Simulation status received.
2025-08-21 14:50:08 | server | INFO | Status actor response: SimulationMessage(content=None, from_agent=None, to_agent=None, status=<SimulationStatus.IN_PROGRESS: 'in progress'>, progress=35)
2025-08-21 14:50:08 | server | INFO | Simulation status received.
2025-08-21 14:50:08 | server | INFO | Status actor response: SimulationMessage(content=None, from_agent=None, to_agent=None, status=<SimulationStatus.IN_PROGRESS: 'in progress'>, progress=35)
2025-08-21 14:50:08 | server | INFO | Simulation status received.
2025-08-21 14:50:08 | server | INFO | Status actor response: SimulationMessage(content=None, from_agent=None, to_agent=None, status=<SimulationStatus.IN_PROGRESS: 'in progress'>, progress=35)
2025-08-21 14:50:08 | server | INFO | Simulation status received.
2025-08-21 14:50:08 | server | INFO | Status actor response: SimulationMessage(content=None, from_agent=None, to_agent=None, status=<SimulationStatus.IN_PROGRESS: 'in progress'>, progress=35)
2025-08-21 14:50:08 | server | INFO | Simulation status received.
2025-08-21 14:50:08 | server | INFO | Status actor response: SimulationMessage(content=None, from_agent=None, to_agent=None, status=<SimulationStatus.IN_PROGRESS: 'in progress'>, progress=35)
2025-08-21 14:50:58 | server | INFO | Ping received.
2025-08-21 14:51:00 | server | INFO | Ping actor response: None
2025-08-21 14:51:11 | server | INFO | Starting server on localhost:5000
2025-08-21 14:51:11 | server | INFO | Starting background queue consumer...
2025-08-21 14:51:11 | server | INFO | Queue consumer started successfully
2025-08-21 14:51:13 | server | INFO | Ping received.
2025-08-21 14:51:14 | server | INFO | Ping received.
2025-08-21 14:51:16 | server | INFO | Simulation status received.
2025-08-21 14:51:16 | server | INFO | Status actor response: SimulationMessage(content=None, from_agent=None, to_agent=None, status=<SimulationStatus.STARTED: 'started'>, progress=5)
2025-08-21 15:14:33 | server | INFO | Starting server on localhost:5000
2025-08-21 15:14:33 | server | INFO | Starting background tasks...
2025-08-21 15:14:33 | server | INFO | Status cache updater started
2025-08-21 15:14:33 | server | INFO | Queue consumer started successfully
2025-08-21 15:14:39 | server | INFO | Ping received.
2025-08-21 15:14:42 | server | INFO | Simulation status requested.
2025-08-21 15:14:43 | server | INFO | Simulation status requested.
2025-08-21 15:14:43 | server | INFO | Simulation status requested.
2025-08-21 15:14:43 | server | INFO | Simulation status requested.
2025-08-21 15:14:44 | server | INFO | Simulation status requested.
2025-08-21 15:14:44 | server | INFO | Simulation status requested.
2025-08-21 15:14:45 | server | INFO | Simulation status requested.
2025-08-21 15:14:45 | server | INFO | Simulation status requested.
2025-08-21 15:14:46 | server | INFO | Simulation status requested.
2025-08-21 15:14:46 | server | INFO | Simulation status requested.
2025-08-21 15:14:47 | server | INFO | Simulation status requested.
2025-08-21 15:14:48 | server | INFO | Simulation status requested.
2025-08-21 15:14:48 | server | INFO | Simulation status requested.
2025-08-21 15:14:54 | server | INFO | Server is shutting down...
2025-08-21 15:14:54 | server | INFO | Background tasks stopped
2025-08-21 15:16:55 | server | INFO | Starting server on localhost:5000
2025-08-21 15:16:55 | server | INFO | Starting background tasks...
2025-08-21 15:16:55 | server | INFO | Status cache updater started
2025-08-21 15:16:58 | server | INFO | Simulation status requested.
2025-08-21 15:16:59 | server | INFO | Simulation status requested.
2025-08-21 15:16:59 | server | INFO | Simulation status requested.
2025-08-21 15:17:00 | server | INFO | Simulation status requested.
2025-08-21 15:17:00 | server | INFO | Simulation status requested.
2025-08-21 15:17:02 | server | INFO | Simulation status requested.
2025-08-21 15:17:03 | server | INFO | Simulation status requested.
2025-08-21 15:17:03 | server | INFO | Simulation status requested.
2025-08-21 15:17:04 | server | INFO | Simulation status requested.
2025-08-21 15:17:04 | server | INFO | Simulation status requested.
2025-08-21 15:17:31 | server | INFO | Server is shutting down...
2025-08-21 15:17:31 | server | INFO | Background tasks stopped
2025-08-21 15:20:38 | server | INFO | Starting server on localhost:5000
2025-08-21 15:20:38 | server | INFO | Starting background tasks...
2025-08-21 15:20:38 | server | INFO | Status cache updater started
2025-08-21 15:20:43 | server | INFO | Simulation status requested.
2025-08-21 15:20:44 | server | INFO | Simulation status requested.
2025-08-21 15:20:45 | server | INFO | Simulation status requested.
2025-08-21 15:20:46 | server | INFO | Simulation status requested.
2025-08-21 15:20:46 | server | INFO | Simulation status requested.
2025-08-21 15:20:47 | server | INFO | Simulation status requested.
2025-08-21 15:20:47 | server | INFO | Simulation status requested.
2025-08-21 15:20:47 | server | INFO | Simulation status requested.
2025-08-21 15:20:47 | server | INFO | Simulation status requested.
2025-08-21 15:20:48 | server | INFO | Simulation status requested.
2025-08-21 15:20:48 | server | INFO | Simulation status requested.
2025-08-21 15:20:48 | server | INFO | Simulation status requested.
2025-08-21 15:20:48 | server | INFO | Simulation status requested.
2025-08-21 15:20:59 | server | INFO | Server is shutting down...
2025-08-21 15:20:59 | server | INFO | Background tasks stopped
2025-08-21 15:21:04 | server | INFO | Starting server on localhost:5000
2025-08-21 15:21:04 | server | INFO | Starting background tasks...
2025-08-21 15:21:04 | server | INFO | Status cache updater started
2025-08-21 15:21:05 | server | INFO | Simulation status requested.
2025-08-21 15:21:06 | server | INFO | Simulation status requested.
2025-08-21 15:21:07 | server | INFO | Simulation status requested.
2025-08-21 15:21:10 | server | INFO | Simulation status requested.
2025-08-21 15:21:10 | server | INFO | Simulation status requested.
2025-08-21 15:21:10 | server | INFO | Simulation status requested.
2025-08-21 15:21:10 | server | INFO | Simulation status requested.
2025-08-21 15:21:11 | server | INFO | Simulation status requested.
2025-08-21 15:21:13 | server | INFO | Server is shutting down...
2025-08-21 15:21:13 | server | INFO | Background tasks stopped
2025-08-21 15:22:16 | server | INFO | Starting server on localhost:5000
2025-08-21 15:22:16 | server | INFO | Starting background tasks...
2025-08-21 15:22:16 | server | INFO | Status cache updater started
2025-08-21 15:22:23 | server | INFO | Simulation status requested.
2025-08-21 15:22:26 | server | INFO | Server is shutting down...
2025-08-21 15:22:26 | server | INFO | Background tasks stopped
2025-08-21 15:24:55 | server | INFO | Starting server on localhost:5000
2025-08-21 15:24:56 | server | INFO | Starting background tasks...
2025-08-21 15:24:56 | server | INFO | Status cache updater started
2025-08-21 15:24:58 | server | INFO | Simulation status requested.
2025-08-21 15:25:01 | server | INFO | Server is shutting down...
2025-08-21 15:25:01 | server | INFO | Background tasks stopped
2025-08-21 15:26:23 | server | INFO | Starting server on localhost:5000
2025-08-21 15:26:23 | server | INFO | Starting background tasks...
2025-08-21 15:26:23 | server | INFO | Status cache updater started
2025-08-21 15:26:23 | server | INFO | Simulation status requested.
2025-08-21 15:26:24 | server | INFO | Simulation status requested.
2025-08-21 15:26:25 | server | INFO | Simulation status requested.
2025-08-21 15:26:25 | server | INFO | Simulation status requested.
2025-08-21 15:26:26 | server | INFO | Simulation status requested.
2025-08-21 15:26:31 | server | INFO | Simulation status requested.
2025-08-21 15:26:31 | server | INFO | Simulation status requested.
2025-08-21 15:26:31 | server | INFO | Simulation status requested.
2025-08-21 15:26:31 | server | INFO | Simulation status requested.
2025-08-21 15:26:32 | server | INFO | Server is shutting down...
2025-08-21 15:26:32 | server | INFO | Background tasks stopped
2025-08-21 15:31:54 | server | INFO | Starting server on localhost:5000
2025-08-21 15:31:54 | server | INFO | Starting background tasks...
2025-08-21 15:31:54 | server | INFO | Status cache updater started
2025-08-21 15:32:01 | server | INFO | Simulation status requested.
2025-08-21 15:32:02 | server | INFO | Simulation status requested.
2025-08-21 15:32:02 | server | INFO | Simulation status requested.
2025-08-21 15:32:03 | server | INFO | Simulation status requested.
2025-08-21 15:32:03 | server | INFO | Simulation status requested.
2025-08-21 15:32:04 | server | INFO | Simulation status requested.
2025-08-21 15:32:07 | server | INFO | Ping received.
2025-08-21 15:32:11 | server | INFO | Ping received.
2025-08-21 15:32:12 | server | INFO | Ping received.
2025-08-21 15:32:12 | server | INFO | Ping received.
2025-08-21 15:32:15 | server | INFO | Simulation status requested.
2025-08-21 15:32:18 | server | INFO | Simulation status requested.
2025-08-21 15:32:18 | server | INFO | Simulation status requested.
2025-08-21 15:32:19 | server | INFO | Simulation status requested.
2025-08-21 15:32:23 | server | INFO | Server is shutting down...
2025-08-21 15:32:23 | server | INFO | Background tasks stopped
